[debug] [2018-03-20T10:48:11.511Z] ----------------------------------------------------------------------
[debug] [2018-03-20T10:48:11.515Z] Command:       /home/willardpc/.nvm/versions/node/v8.9.4/bin/node /home/willardpc/.nvm/versions/node/v8.9.4/bin/firebase serve
[debug] [2018-03-20T10:48:11.515Z] CLI Version:   3.17.6
[debug] [2018-03-20T10:48:11.515Z] Platform:      linux
[debug] [2018-03-20T10:48:11.515Z] Node Version:  v8.9.4
[debug] [2018-03-20T10:48:11.516Z] Time:          Tue Mar 20 2018 13:48:11 GMT+0300 (EAT)
[debug] [2018-03-20T10:48:11.516Z] ----------------------------------------------------------------------
[debug] 
[debug] [2018-03-20T10:48:11.631Z] > command requires scopes: ["email","openid","https://www.googleapis.com/auth/cloudplatformprojects.readonly","https://www.googleapis.com/auth/firebase","https://www.googleapis.com/auth/cloud-platform"]
[debug] [2018-03-20T10:48:11.632Z] > authorizing via signed-in user
[debug] [2018-03-20T10:48:11.637Z] > refreshing access token with scopes: ["email","https://www.googleapis.com/auth/cloud-platform","https://www.googleapis.com/auth/cloudplatformprojects.readonly","https://www.googleapis.com/auth/firebase","openid"]
[debug] [2018-03-20T10:48:11.638Z] >>> HTTP REQUEST POST https://www.googleapis.com/oauth2/v3/token  
 { refresh_token: '1/SVFoGQVXY59_FMbkmX_Bo-HOWHuzuwK7LY6CqNL7dP0',
  client_id: '563584335869-fgrhgmd47bqnekij5i8b5pr03ho849e6.apps.googleusercontent.com',
  client_secret: 'j9iVZfS8kkCEFUPaAeJV0sAi',
  grant_type: 'refresh_token',
  scope: 'email https://www.googleapis.com/auth/cloud-platform https://www.googleapis.com/auth/cloudplatformprojects.readonly https://www.googleapis.com/auth/firebase openid' } 
 Tue Mar 20 2018 13:48:11 GMT+0300 (EAT)
[debug] [2018-03-20T10:54:16.745Z] ----------------------------------------------------------------------
[debug] [2018-03-20T10:54:16.747Z] Command:       /home/willardpc/.nvm/versions/node/v8.9.4/bin/node /home/willardpc/.nvm/versions/node/v8.9.4/bin/firebase serve
[debug] [2018-03-20T10:54:16.747Z] CLI Version:   3.17.6
[debug] [2018-03-20T10:54:16.747Z] Platform:      linux
[debug] [2018-03-20T10:54:16.747Z] Node Version:  v8.9.4
[debug] [2018-03-20T10:54:16.748Z] Time:          Tue Mar 20 2018 13:54:16 GMT+0300 (EAT)
[debug] [2018-03-20T10:54:16.748Z] ----------------------------------------------------------------------
[debug] 
[debug] [2018-03-20T10:54:16.758Z] > command requires scopes: ["email","openid","https://www.googleapis.com/auth/cloudplatformprojects.readonly","https://www.googleapis.com/auth/firebase","https://www.googleapis.com/auth/cloud-platform"]
[debug] [2018-03-20T10:54:16.758Z] > authorizing via signed-in user
[debug] [2018-03-20T10:54:16.760Z] > refreshing access token with scopes: ["email","https://www.googleapis.com/auth/cloud-platform","https://www.googleapis.com/auth/cloudplatformprojects.readonly","https://www.googleapis.com/auth/firebase","openid"]
[debug] [2018-03-20T10:54:16.760Z] >>> HTTP REQUEST POST https://www.googleapis.com/oauth2/v3/token  
 { refresh_token: '1/SVFoGQVXY59_FMbkmX_Bo-HOWHuzuwK7LY6CqNL7dP0',
  client_id: '563584335869-fgrhgmd47bqnekij5i8b5pr03ho849e6.apps.googleusercontent.com',
  client_secret: 'j9iVZfS8kkCEFUPaAeJV0sAi',
  grant_type: 'refresh_token',
  scope: 'email https://www.googleapis.com/auth/cloud-platform https://www.googleapis.com/auth/cloudplatformprojects.readonly https://www.googleapis.com/auth/firebase openid' } 
 Tue Mar 20 2018 13:54:16 GMT+0300 (EAT)
[debug] [2018-03-20T10:54:20.573Z] <<< HTTP RESPONSE 200
[debug] [2018-03-20T10:54:20.626Z] >>> HTTP REQUEST GET https://admin.firebase.com/v1/projects/fir-authdemo-fa506  
  
 Tue Mar 20 2018 13:54:20 GMT+0300 (EAT)
[debug] [2018-03-20T10:54:31.320Z] <<< HTTP RESPONSE 200
[debug] [2018-03-20T10:54:31.321Z] >>> HTTP REQUEST GET https://admin.firebase.com/v1/database/fir-authdemo-fa506/tokens  
  
 Tue Mar 20 2018 13:54:31 GMT+0300 (EAT)
[debug] [2018-03-20T10:54:33.872Z] <<< HTTP RESPONSE 200
[debug] [2018-03-20T10:54:33.874Z] >>> HTTP REQUEST GET https://cloudresourcemanager.googleapis.com/v1/projects/fir-authdemo-fa506  
  
 Tue Mar 20 2018 13:54:33 GMT+0300 (EAT)
[debug] [2018-03-20T10:54:37.813Z] <<< HTTP RESPONSE 200
[info] 
[info] === Serving from '/home/willardpc/Documents/Projects/firebase-web/public'...
[info] 
[debug] [2018-03-20T10:54:37.819Z] >>> HTTP REQUEST GET https://mobilesdk-pa.googleapis.com/v1/projects/315482057896/clients/_:getWebAppConfig  
  
 Tue Mar 20 2018 13:54:37 GMT+0300 (EAT)
[debug] [2018-03-20T10:54:39.628Z] <<< HTTP RESPONSE 200
[info] i  hosting: Serving hosting files from: ./
[info] ✔  hosting: Local server: http://localhost:5000

[debug] [2018-03-21T06:42:09.187Z] ----------------------------------------------------------------------
[debug] [2018-03-21T06:42:09.191Z] Command:       /home/willardpc/.nvm/versions/node/v8.9.4/bin/node /home/willardpc/.nvm/versions/node/v8.9.4/bin/firebase serve
[debug] [2018-03-21T06:42:09.192Z] CLI Version:   3.17.6
[debug] [2018-03-21T06:42:09.192Z] Platform:      linux
[debug] [2018-03-21T06:42:09.192Z] Node Version:  v8.9.4
[debug] [2018-03-21T06:42:09.192Z] Time:          Wed Mar 21 2018 09:42:09 GMT+0300 (EAT)
[debug] [2018-03-21T06:42:09.192Z] ----------------------------------------------------------------------
[debug] 
[debug] [2018-03-21T06:42:09.239Z] > command requires scopes: ["email","openid","https://www.googleapis.com/auth/cloudplatformprojects.readonly","https://www.googleapis.com/auth/firebase","https://www.googleapis.com/auth/cloud-platform"]
[debug] [2018-03-21T06:42:09.239Z] > authorizing via signed-in user
[debug] [2018-03-21T06:42:09.243Z] > refreshing access token with scopes: ["email","https://www.googleapis.com/auth/cloud-platform","https://www.googleapis.com/auth/cloudplatformprojects.readonly","https://www.googleapis.com/auth/firebase","openid"]
[debug] [2018-03-21T06:42:09.243Z] >>> HTTP REQUEST POST https://www.googleapis.com/oauth2/v3/token  
 { refresh_token: '1/SVFoGQVXY59_FMbkmX_Bo-HOWHuzuwK7LY6CqNL7dP0',
  client_id: '563584335869-fgrhgmd47bqnekij5i8b5pr03ho849e6.apps.googleusercontent.com',
  client_secret: 'j9iVZfS8kkCEFUPaAeJV0sAi',
  grant_type: 'refresh_token',
  scope: 'email https://www.googleapis.com/auth/cloud-platform https://www.googleapis.com/auth/cloudplatformprojects.readonly https://www.googleapis.com/auth/firebase openid' } 
 Wed Mar 21 2018 09:42:09 GMT+0300 (EAT)
[debug] [2018-03-21T06:42:21.838Z] <<< HTTP RESPONSE 200
[debug] [2018-03-21T06:42:21.921Z] >>> HTTP REQUEST GET https://admin.firebase.com/v1/projects/fir-authdemo-fa506  
  
 Wed Mar 21 2018 09:42:21 GMT+0300 (EAT)
[debug] [2018-03-21T06:42:26.004Z] <<< HTTP RESPONSE 200
[debug] [2018-03-21T06:42:26.005Z] >>> HTTP REQUEST GET https://admin.firebase.com/v1/database/fir-authdemo-fa506/tokens  
  
 Wed Mar 21 2018 09:42:26 GMT+0300 (EAT)
[debug] [2018-03-21T06:42:33.144Z] <<< HTTP RESPONSE 200
[debug] [2018-03-21T06:42:33.145Z] >>> HTTP REQUEST GET https://cloudresourcemanager.googleapis.com/v1/projects/fir-authdemo-fa506  
  
 Wed Mar 21 2018 09:42:33 GMT+0300 (EAT)
[debug] [2018-03-21T06:43:21.447Z] <<< HTTP RESPONSE 200
[info] 
[info] === Serving from '/home/willardpc/Documents/Projects/firebase-web/public'...
[info] 
[debug] [2018-03-21T06:43:21.449Z] >>> HTTP REQUEST GET https://mobilesdk-pa.googleapis.com/v1/projects/315482057896/clients/_:getWebAppConfig  
  
 Wed Mar 21 2018 09:43:21 GMT+0300 (EAT)
[debug] [2018-03-21T06:43:29.030Z] <<< HTTP RESPONSE 200
[info] i  hosting: Serving hosting files from: ./
[info] ✔  hosting: Local server: http://localhost:5000

[debug] [2018-03-21T19:15:40.332Z] ----------------------------------------------------------------------
[debug] [2018-03-21T19:15:40.336Z] Command:       /home/willardpc/.nvm/versions/node/v8.9.4/bin/node /home/willardpc/.nvm/versions/node/v8.9.4/bin/firebase serve
[debug] [2018-03-21T19:15:40.337Z] CLI Version:   3.17.6
[debug] [2018-03-21T19:15:40.337Z] Platform:      linux
[debug] [2018-03-21T19:15:40.337Z] Node Version:  v8.9.4
[debug] [2018-03-21T19:15:40.337Z] Time:          Wed Mar 21 2018 22:15:40 GMT+0300 (EAT)
[debug] [2018-03-21T19:15:40.337Z] ----------------------------------------------------------------------
[debug] 
[debug] [2018-03-21T19:15:40.456Z] > command requires scopes: ["email","openid","https://www.googleapis.com/auth/cloudplatformprojects.readonly","https://www.googleapis.com/auth/firebase","https://www.googleapis.com/auth/cloud-platform"]
[debug] [2018-03-21T19:15:40.457Z] > authorizing via signed-in user
[debug] [2018-03-21T19:15:40.460Z] > refreshing access token with scopes: ["email","https://www.googleapis.com/auth/cloud-platform","https://www.googleapis.com/auth/cloudplatformprojects.readonly","https://www.googleapis.com/auth/firebase","openid"]
[debug] [2018-03-21T19:15:40.461Z] >>> HTTP REQUEST POST https://www.googleapis.com/oauth2/v3/token  
 { refresh_token: '1/SVFoGQVXY59_FMbkmX_Bo-HOWHuzuwK7LY6CqNL7dP0',
  client_id: '563584335869-fgrhgmd47bqnekij5i8b5pr03ho849e6.apps.googleusercontent.com',
  client_secret: 'j9iVZfS8kkCEFUPaAeJV0sAi',
  grant_type: 'refresh_token',
  scope: 'email https://www.googleapis.com/auth/cloud-platform https://www.googleapis.com/auth/cloudplatformprojects.readonly https://www.googleapis.com/auth/firebase openid' } 
 Wed Mar 21 2018 22:15:40 GMT+0300 (EAT)
[debug] [2018-03-21T19:15:41.107Z] <<< HTTP RESPONSE 200
[debug] [2018-03-21T19:15:41.174Z] >>> HTTP REQUEST GET https://admin.firebase.com/v1/projects/fir-authdemo-fa506  
  
 Wed Mar 21 2018 22:15:41 GMT+0300 (EAT)
[debug] [2018-03-21T19:15:44.867Z] <<< HTTP RESPONSE 200
[debug] [2018-03-21T19:15:44.869Z] >>> HTTP REQUEST GET https://admin.firebase.com/v1/database/fir-authdemo-fa506/tokens  
  
 Wed Mar 21 2018 22:15:44 GMT+0300 (EAT)
[debug] [2018-03-21T19:15:46.412Z] <<< HTTP RESPONSE 200
[debug] [2018-03-21T19:15:46.413Z] >>> HTTP REQUEST GET https://cloudresourcemanager.googleapis.com/v1/projects/fir-authdemo-fa506  
  
 Wed Mar 21 2018 22:15:46 GMT+0300 (EAT)
[debug] [2018-03-21T19:15:48.457Z] <<< HTTP RESPONSE 200
[info] 
[info] === Serving from '/home/willardpc/Documents/Projects/firebase-web/public'...
[info] 
[debug] [2018-03-21T19:15:48.461Z] >>> HTTP REQUEST GET https://mobilesdk-pa.googleapis.com/v1/projects/315482057896/clients/_:getWebAppConfig  
  
 Wed Mar 21 2018 22:15:48 GMT+0300 (EAT)
[debug] [2018-03-21T19:15:51.385Z] <<< HTTP RESPONSE 200
[info] i  hosting: Serving hosting files from: ./
[info] ✔  hosting: Local server: http://localhost:5000

